[Error] SQLSTATE[42S22]: Column not found: 1054 Unknown column 'tanggal_pembayarann' in 'field list' in C:\laragon\www\mjl\bin\support\BaseModel.php at line 384
Trace: #0 C:\laragon\www\mjl\bin\support\BaseModel.php(384): PDOStatement->execute()
#1 C:\laragon\www\mjl\bin\support\BaseModel.php(362): Support\BaseModel->save()
#2 C:\laragon\www\mjl\app\Controllers\OrderController.php(208): Support\BaseModel::create(Array)
#3 [internal function]: App\Controllers\OrderController->addPembayaran(Object(Support\Request))
#4 C:\laragon\www\mjl\bin\support\Route.php(194): call_user_func_array(Array, Array)
#5 C:\laragon\www\mjl\index.php(26): Support\Route::dispatch()
#6 {main}
[Error] SQLSTATE[42S22]: Column not found: 1054 Unknown column 'tanggal_pembayarann' in 'field list' in C:\laragon\www\mjl\bin\support\BaseModel.php at line 384
Trace: #0 C:\laragon\www\mjl\bin\support\BaseModel.php(384): PDOStatement->execute()
#1 C:\laragon\www\mjl\bin\support\BaseModel.php(362): Support\BaseModel->save()
#2 C:\laragon\www\mjl\app\Controllers\OrderController.php(219): Support\BaseModel::create(Array)
#3 [internal function]: App\Controllers\OrderController->addPembayaran(Object(Support\Request))
#4 C:\laragon\www\mjl\bin\support\Route.php(194): call_user_func_array(Array, Array)
#5 C:\laragon\www\mjl\index.php(26): Support\Route::dispatch()
#6 {main}
[Error] SQLSTATE[22001]: String data, right truncated: 1406 Data too long for column 'reference_table' at row 1 in C:\laragon\www\mjl\bin\support\BaseModel.php at line 384
Trace: #0 C:\laragon\www\mjl\bin\support\BaseModel.php(384): PDOStatement->execute()
#1 C:\laragon\www\mjl\bin\support\BaseModel.php(362): Support\BaseModel->save()
#2 C:\laragon\www\mjl\app\Controllers\OrderController.php(240): Support\BaseModel::create(Array)
#3 [internal function]: App\Controllers\OrderController->addPembayaran(Object(Support\Request))
#4 C:\laragon\www\mjl\bin\support\Route.php(194): call_user_func_array(Array, Array)
#5 C:\laragon\www\mjl\index.php(26): Support\Route::dispatch()
#6 {main}
